<?xml version="1.0" encoding="UTF-8"?>
<testng-results ignored="0" total="1" passed="1" failed="0" skipped="0">
  <reporter-output>
  </reporter-output>
  <suite started-at="2021-01-18T00:48:07 EST" name="Default suite" finished-at="2021-01-18T00:48:21 EST" duration-ms="13654">
    <groups>
    </groups>
    <test started-at="2021-01-18T00:48:07 EST" name="Default test" finished-at="2021-01-18T00:48:21 EST" duration-ms="13654">
      <class name="com.letKodeit.Tests.PracticePageTest">
        <test-method is-config="true" signature="setUp()[pri:0, instance:com.letKodeit.Tests.PracticePageTest@127e70c5]" started-at="2021-01-18T00:48:07 EST" name="setUp" finished-at="2021-01-18T00:48:17 EST" duration-ms="9941" status="PASS">
          <reporter-output>
          </reporter-output>
        </test-method> <!-- setUp -->
        <test-method signature="muiltipleSelectOptions()[pri:4, instance:com.letKodeit.Tests.PracticePageTest@127e70c5]" started-at="2021-01-18T00:48:17 EST" name="muiltipleSelectOptions" finished-at="2021-01-18T00:48:19 EST" duration-ms="2021" status="PASS">
          <reporter-output>
          </reporter-output>
        </test-method> <!-- muiltipleSelectOptions -->
        <test-method is-config="true" signature="tearDown()[pri:0, instance:com.letKodeit.Tests.PracticePageTest@127e70c5]" started-at="2021-01-18T00:48:19 EST" name="tearDown" finished-at="2021-01-18T00:48:21 EST" duration-ms="1596" status="PASS">
          <reporter-output>
          </reporter-output>
        </test-method> <!-- tearDown -->
      </class> <!-- com.letKodeit.Tests.PracticePageTest -->
    </test> <!-- Default test -->
  </suite> <!-- Default suite -->
</testng-results>
